This is pdfTeX, Version 3.14159265-2.6-1.40.17 (MiKTeX 2.9 64-bit) (preloaded format=pdflatex 2017.3.30)  15 APR 2018 17:26
entering extended mode
**./Methodology.tex
(Methodology.tex
LaTeX2e <2016/03/31>
Babel <3.9r> and hyphenation patterns for 75 language(s) loaded.
(D:\MikTex\tex\latex\base\article.cls
Document Class: article 2014/09/29 v1.4h Standard LaTeX document class
(D:\MikTex\tex\latex\base\size10.clo
File: size10.clo 2014/09/29 v1.4h Standard LaTeX file (size option)
)
\c@part=\count79
\c@section=\count80
\c@subsection=\count81
\c@subsubsection=\count82
\c@paragraph=\count83
\c@subparagraph=\count84
\c@figure=\count85
\c@table=\count86
\abovecaptionskip=\skip41
\belowcaptionskip=\skip42
\bibindent=\dimen102
) (Methodology.aux)
\openout1 = `Methodology.aux'.

LaTeX Font Info:    Checking defaults for OML/cmm/m/it on input line 4.
LaTeX Font Info:    ... okay on input line 4.
LaTeX Font Info:    Checking defaults for T1/cmr/m/n on input line 4.
LaTeX Font Info:    ... okay on input line 4.
LaTeX Font Info:    Checking defaults for OT1/cmr/m/n on input line 4.
LaTeX Font Info:    ... okay on input line 4.
LaTeX Font Info:    Checking defaults for OMS/cmsy/m/n on input line 4.
LaTeX Font Info:    ... okay on input line 4.
LaTeX Font Info:    Checking defaults for OMX/cmex/m/n on input line 4.
LaTeX Font Info:    ... okay on input line 4.
LaTeX Font Info:    Checking defaults for U/cmr/m/n on input line 4.
LaTeX Font Info:    ... okay on input line 4.

Overfull \hbox (11.17566pt too wide) in paragraph at lines 5--6
[]\OT1/cmr/m/n/10 METHODOLOGY FOR IM-PLE-MEN-TA-TION OF SORT-ING AL-GO-RITHMS
 []

[1

{C:/Users/Fionak/AppData/Local/MiKTeX/2.9/pdftex/config/pdftex.map}]
(Methodology.aux) ) 
Here is how much of TeX's memory you used:
 209 strings out of 493335
 2131 string characters out of 3147021
 55211 words of memory out of 3000000
 3821 multiletter control sequences out of 15000+200000
 4553 words of font info for 17 fonts, out of 3000000 for 9000
 1141 hyphenation exceptions out of 8191
 23i,4n,18p,277b,109s stack positions out of 5000i,500n,10000p,200000b,50000s
<D:/MikTex/fonts/type1/public/amsfonts/cm/cmbx10.pfb><D:/Mik
Tex/fonts/type1/public/amsfonts/cm/cmbx12.pfb><D:/MikTex/fonts/type1/public/ams
fonts/cm/cmr10.pfb>
Output written on Methodology.pdf (1 page, 48646 bytes).
PDF statistics:
 18 PDF objects out of 1000 (max. 8388607)
 0 named destinations out of 1000 (max. 500000)
 1 words of extra memory for PDF output out of 10000 (max. 10000000)

